<?xml version="1.0" encoding="UTF-8"?>
<!-- Generated by org.testng.reporters.JUnitReportReporter -->
<testsuite hostname="PPG-3XV9Y24" failures="0" tests="2" name="day3.HeaderDemo" time="3.307" errors="0" timestamp="2025-09-23T23:36:34 IST" skipped="0">
  <testcase classname="day3.HeaderDemo" name="getheadervalue" time="3.137"/>
  <testcase classname="day3.HeaderDemo" name="printheadervalue" time="0.170"/>
</testsuite> <!-- day3.HeaderDemo -->
