<?xml version="1.0" encoding="UTF-8"?>
<!-- Generated by org.testng.reporters.JUnitReportReporter -->
<testsuite hostname="PPG-3XV9Y24" failures="0" tests="1" name="day3.WorkingwithQueryParameter" time="3.479" errors="0" timestamp="2025-09-19T19:56:24 IST" skipped="0">
  <testcase classname="day3.WorkingwithQueryParameter" name="printCookiesofRequest" time="3.479"/>
</testsuite> <!-- day3.WorkingwithQueryParameter -->
