<?xml version="1.0" encoding="UTF-8"?>
<!-- Generated by org.testng.reporters.JUnitReportReporter -->
<testsuite hostname="PPG-3XV9Y24" failures="0" tests="4" name="day1.HTTPRequests" time="3.105" errors="0" timestamp="2025-09-10T18:26:59 IST" skipped="0">
  <testcase classname="day1.HTTPRequests" name="getRequest" time="1.910"/>
  <testcase classname="day1.HTTPRequests" name="createUser" time="0.462"/>
  <testcase classname="day1.HTTPRequests" name="updateUser" time="0.482"/>
  <testcase classname="day1.HTTPRequests" name="deleteuser" time="0.251"/>
</testsuite> <!-- day1.HTTPRequests -->
