<?xml version="1.0" encoding="UTF-8"?>
<!-- Generated by org.testng.reporters.JUnitReportReporter -->
<testsuite hostname="PPG-3XV9Y24" failures="0" tests="1" name="day2.DifferentWaystoPOSTRequest" time="5.048" errors="0" timestamp="2025-09-16T19:42:10 IST" skipped="0">
  <testcase classname="day2.DifferentWaystoPOSTRequest" name="fetchvaluefromJsonFile" time="5.048"/>
</testsuite> <!-- day2.DifferentWaystoPOSTRequest -->
