<?xml version="1.0" encoding="UTF-8"?>
<!-- Generated by org.testng.reporters.JUnitReportReporter -->
<testsuite hostname="PPG-3XV9Y24" failures="0" tests="1" name="day4.FetchJSOValue" time="2.584" errors="0" timestamp="2025-09-25T17:49:53 IST" skipped="0">
  <testcase classname="day4.FetchJSOValue" name="verifyJSONbody" time="2.584"/>
</testsuite> <!-- day4.FetchJSOValue -->
